<?xml version="1.0" encoding="UTF-8"?>
<!-- Generated by org.testng.reporters.JUnitXMLReporter -->
<testsuite ignored="0" hostname="DESKTOP-9MH46U9" failures="0" tests="3" name="Test" time="1.904" errors="0" timestamp="2024-10-13T21:59:13 IST">
  <testcase classname="Base.BaseClass" name="@BeforeTest setup" time="1.861">
    <failure type="java.lang.IllegalStateException" message="The path to the driver executable must be set by the webdriver.opera.driver system property; for more information, see https://github.com/operasoftware/operachromiumdriver. The latest version can be downloaded from https://github.com/operasoftware/operachromiumdriver/releases">
      <![CDATA[java.lang.IllegalStateException: The path to the driver executable must be set by the webdriver.opera.driver system property; for more information, see https://github.com/operasoftware/operachromiumdriver. The latest version can be downloaded from https://github.com/operasoftware/operachromiumdriver/releases
at com.google.common.base.Preconditions.checkState(Preconditions.java:847)
at org.openqa.selenium.remote.service.DriverService.findExecutable(DriverService.java:124)
at org.openqa.selenium.opera.OperaDriverService.access$000(OperaDriverService.java:32)
at org.openqa.selenium.opera.OperaDriverService$Builder.findDefaultExecutable(OperaDriverService.java:118)
at org.openqa.selenium.remote.service.DriverService$Builder.build(DriverService.java:339)
at org.openqa.selenium.opera.OperaDriverService.createDefaultService(OperaDriverService.java:82)
at org.openqa.selenium.opera.OperaDriver.<init>(OperaDriver.java:115)
at Base.BaseClass.setup(BaseClass.java:53)
... Removed 22 stack frames]]>
    </failure>
  </testcase> <!-- @BeforeTest setup -->
  <testcase classname="ParentGroupp.MavenProject1.TestClass" name="Print1" time="0.0">
    <skipped/>
  </testcase> <!-- Print1 -->
  <testcase classname="ParentGroupp.MavenProject1.TestClass" name="Login" time="0.0">
    <skipped/>
  </testcase> <!-- Login -->
  <testcase classname="ParentGroupp.MavenProject1.TestClass" name="Print2" time="0.0">
    <skipped/>
  </testcase> <!-- Print2 -->
</testsuite> <!-- Test -->
